<?xml version="1.0" encoding="UTF-8"?>
<!-- Generated by org.testng.reporters.JUnitXMLReporter -->
<testsuite hostname="DESKTOP-0UFG3UU" ignored="22" name="Test_Regression" tests="3" failures="0" timestamp="17 Jul 2020 14:06:40 GMT" time="86.811" errors="0">
  <testcase name="endToEnd" time="24.979" classname="com.mystore.testcases.parallel.EndToEndTest"/>
  <testcase name="verifyTotalPrice" time="8.661" classname="com.mystore.testcases.parallel.OrderPageTest"/>
  <testcase name="addToCartTest" time="6.276" classname="com.mystore.testcases.parallel.AddToCartPageTest"/>
  <testcase name="@BeforeSuite beforeSuite" time="0.0" classname="com.mystore.base.parallel.BaseClassForParallelTesting">
    <ignored/>
  </testcase> <!-- @BeforeSuite beforeSuite -->
  <testcase name="@BeforeSuite beforeSuite" time="0.0" classname="com.mystore.base.parallel.BaseClassForParallelTesting">
    <ignored/>
  </testcase> <!-- @BeforeSuite beforeSuite -->
  <testcase name="@BeforeSuite beforeSuite" time="0.0" classname="com.mystore.base.parallel.BaseClassForParallelTesting">
    <ignored/>
  </testcase> <!-- @BeforeSuite beforeSuite -->
  <testcase name="@BeforeSuite beforeSuite" time="0.0" classname="com.mystore.base.parallel.BaseClassForParallelTesting">
    <ignored/>
  </testcase> <!-- @BeforeSuite beforeSuite -->
  <testcase name="@BeforeSuite beforeSuite" time="0.0" classname="com.mystore.base.parallel.BaseClassForParallelTesting">
    <ignored/>
  </testcase> <!-- @BeforeSuite beforeSuite -->
  <testcase name="@BeforeSuite beforeSuite" time="0.0" classname="com.mystore.base.parallel.BaseClassForParallelTesting">
    <ignored/>
  </testcase> <!-- @BeforeSuite beforeSuite -->
  <testcase name="@BeforeSuite beforeSuite" time="0.0" classname="com.mystore.base.parallel.BaseClassForParallelTesting">
    <ignored/>
  </testcase> <!-- @BeforeSuite beforeSuite -->
  <testcase name="verifyLogo" time="0.0" classname="com.mystore.testcases.parallel.IndexPageTest">
    <ignored/>
  </testcase> <!-- verifyLogo -->
  <testcase name="@BeforeTest loadConfig" time="0.0" classname="com.mystore.base.parallel.BaseClassForParallelTesting">
    <ignored/>
  </testcase> <!-- @BeforeTest loadConfig -->
  <testcase name="@BeforeTest loadConfig" time="0.0" classname="com.mystore.base.parallel.BaseClassForParallelTesting">
    <ignored/>
  </testcase> <!-- @BeforeTest loadConfig -->
  <testcase name="@BeforeTest loadConfig" time="0.0" classname="com.mystore.base.parallel.BaseClassForParallelTesting">
    <ignored/>
  </testcase> <!-- @BeforeTest loadConfig -->
  <testcase name="@BeforeTest loadConfig" time="0.0" classname="com.mystore.base.parallel.BaseClassForParallelTesting">
    <ignored/>
  </testcase> <!-- @BeforeTest loadConfig -->
  <testcase name="@BeforeTest loadConfig" time="0.0" classname="com.mystore.base.parallel.BaseClassForParallelTesting">
    <ignored/>
  </testcase> <!-- @BeforeTest loadConfig -->
  <testcase name="@BeforeTest loadConfig" time="0.0" classname="com.mystore.base.parallel.BaseClassForParallelTesting">
    <ignored/>
  </testcase> <!-- @BeforeTest loadConfig -->
  <testcase name="@BeforeTest loadConfig" time="0.0" classname="com.mystore.base.parallel.BaseClassForParallelTesting">
    <ignored/>
  </testcase> <!-- @BeforeTest loadConfig -->
  <testcase name="VerifyCreatAccountPageTest" time="0.0" classname="com.mystore.testcases.parallel.AccountCreationPageTest">
    <ignored/>
  </testcase> <!-- VerifyCreatAccountPageTest -->
  <testcase name="wishListTest" time="0.0" classname="com.mystore.testcases.parallel.HomePageTest">
    <ignored/>
  </testcase> <!-- wishListTest -->
  <testcase name="orderHistoryTest" time="0.0" classname="com.mystore.testcases.parallel.HomePageTest">
    <ignored/>
  </testcase> <!-- orderHistoryTest -->
  <testcase name="productAvailabiltyTest" time="0.0" classname="com.mystore.testcases.parallel.SearchResultPageTest">
    <ignored/>
  </testcase> <!-- productAvailabiltyTest -->
  <testcase name="loginTestFromExcelData" time="0.0" classname="com.mystore.testcases.parallel.LoginPageTest">
    <ignored/>
  </testcase> <!-- loginTestFromExcelData -->
  <testcase name="verifyTitle" time="0.0" classname="com.mystore.testcases.parallel.IndexPageTest">
    <ignored/>
  </testcase> <!-- verifyTitle -->
  <testcase name="loginTest" time="0.0" classname="com.mystore.testcases.parallel.LoginPageTest">
    <ignored/>
  </testcase> <!-- loginTest -->
</testsuite> <!-- Test_Regression -->
