<?xml version="1.0" encoding="UTF-8"?>
<!-- Generated by org.testng.reporters.JUnitXMLReporter -->
<testsuite hostname="DESKTOP-0UFG3UU" ignored="0" name="CromeBrowserTest" tests="2" failures="0" timestamp="17 Jul 2020 14:51:29 GMT" time="30.886" errors="0">
  <testcase name="verifyLogo" time="0.149" classname="com.mystore.testcases.parallel.IndexPageTest"/>
  <testcase name="verifyTitle" time="0.009" classname="com.mystore.testcases.parallel.IndexPageTest"/>
</testsuite> <!-- CromeBrowserTest -->
