<?xml version="1.0" encoding="UTF-8"?>
<!-- Generated by org.testng.reporters.JUnitXMLReporter -->
<testsuite hostname="DESKTOP-0UFG3UU" ignored="0" name="FirefoxBrowserTest" tests="2" failures="0" timestamp="17 Jul 2020 14:51:30 GMT" time="31.437" errors="0">
  <testcase name="verifyLogo" time="0.06" classname="com.mystore.testcases.parallel.IndexPageTest"/>
  <testcase name="verifyTitle" time="0.023" classname="com.mystore.testcases.parallel.IndexPageTest"/>
</testsuite> <!-- FirefoxBrowserTest -->
